<?xml version="1.0" encoding="UTF-8"?>
<!-- Generated by org.testng.reporters.JUnitReportReporter -->
<testsuite hostname="Prabananth" failures="0" tests="1" name="com.robusta.pages.HomePage" time="7.982" errors="0" timestamp="02 May 2022 18:15:36 GMT" skipped="0">
  <testcase classname="com.robusta.pages.HomePage" name="clickSelenium" time="7.982"/>
</testsuite> <!-- com.robusta.pages.HomePage -->
