<?xml version="1.0" encoding="UTF-8"?>
<!-- Generated by org.testng.reporters.JUnitReportReporter -->
<testsuite hostname="Prabananth" failures="0" tests="1" name="com.robusta.runner.TableVerificationRunner" time="9.081" errors="0" timestamp="21 Apr 2022 11:09:49 GMT" skipped="0">
  <testcase classname="com.robusta.runner.TableVerificationRunner" name="feature" time="9.081"/>
</testsuite> <!-- com.robusta.runner.TableVerificationRunner -->
